<?xml version="1.0" encoding="UTF-8"?>
<!-- Generated by org.testng.reporters.JUnitReportReporter -->
<testsuite hostname="Rohit" failures="0" tests="3" name="Test.DyanamicJson" time="2.434" errors="0" timestamp="2024-11-12T22:59:56 IST" skipped="0">
  <testcase classname="Test.DyanamicJson" name="addBook" time="2.163"/>
  <system-out/>
  <testcase classname="Test.DyanamicJson" name="addBook" time="0.133"/>
  <system-out/>
  <testcase classname="Test.DyanamicJson" name="addBook" time="0.138"/>
  <system-out/>
</testsuite> <!-- Test.DyanamicJson -->
